<?xml version="1.0" encoding="utf-8"?><testsuites name="pytest tests"><testsuite name="pytest" errors="0" failures="0" skipped="0" tests="31" time="4.519" timestamp="2026-06-16T12:13:38.126400+00:00" hostname="agent-env-b709274e-5200-48ec-baa8-751e87349ea7"><testcase classname="backend.tests.test_admin_api" name="test_exchange_invalid_session_id" time="0.372" /><testcase classname="backend.tests.test_admin_api" name="test_me_without_auth" time="0.043" /><testcase classname="backend.tests.test_admin_api" name="test_logout_without_session_returns_ok" time="0.044" /><testcase classname="backend.tests.test_admin_api" name="test_me_with_valid_bearer" time="0.466" /><testcase classname="backend.tests.test_admin_api" name="test_admin_endpoints_without_auth" time="0.329" /><testcase classname="backend.tests.test_admin_api" name="test_admin_endpoints_forbidden_for_nonadmin" time="0.798" /><testcase classname="backend.tests.test_admin_api" name="test_admin_leads_list" time="0.046" /><testcase classname="backend.tests.test_admin_api" name="test_admin_apps_list" time="0.049" /><testcase classname="backend.tests.test_admin_api" name="test_leads_csv_export" time="0.055" /><testcase classname="backend.tests.test_admin_api" name="test_leads_json_export" time="0.050" /><testcase classname="backend.tests.test_admin_api" name="test_apps_csv_export" time="0.047" /><testcase classname="backend.tests.test_admin_api" name="test_apps_json_export" time="0.044" /><testcase classname="backend.tests.test_admin_api" name="test_allowlist_list_has_default_admin" time="0.047" /><testcase classname="backend.tests.test_admin_api" name="test_allowlist_add_and_delete" time="0.188" /><testcase classname="backend.tests.test_admin_api" name="test_allowlist_add_invalid_email_422" time="0.048" /><testcase classname="backend.tests.test_admin_api" name="test_allowlist_cannot_remove_self" time="0.131" /><testcase classname="backend.tests.test_admin_api" name="test_allowlist_cannot_remove_last_admin" time="0.093" /><testcase classname="backend.tests.test_admin_api" name="test_allowlist_last_admin_via_second_session" time="0.686" /><testcase classname="backend.tests.test_admin_api" name="test_regression_health" time="0.046" /><testcase classname="backend.tests.test_admin_api" name="test_regression_news_six" time="0.044" /><testcase classname="backend.tests.test_admin_api" name="test_regression_newsletter_subscribe" time="0.057" /><testcase classname="backend.tests.test_admin_api" name="test_regression_careers_apply" time="0.054" /><testcase classname="backend.tests.test_circum_api" name="test_health" time="0.099" /><testcase classname="backend.tests.test_circum_api" name="test_news_list_returns_six_items" time="0.042" /><testcase classname="backend.tests.test_circum_api" name="test_news_includes_expected_titles" time="0.045" /><testcase classname="backend.tests.test_circum_api" name="test_newsletter_subscribe_success_and_idempotent" time="0.094" /><testcase classname="backend.tests.test_circum_api" name="test_newsletter_subscribe_rejects_no_consent" time="0.048" /><testcase classname="backend.tests.test_circum_api" name="test_newsletter_subscribe_rejects_invalid_email" time="0.042" /><testcase classname="backend.tests.test_circum_api" name="test_careers_apply_success_pdf" time="0.049" /><testcase classname="backend.tests.test_circum_api" name="test_careers_apply_rejects_txt" time="0.046" /><testcase classname="backend.tests.test_circum_api" name="test_careers_apply_rejects_no_consent" time="0.043" /></testsuite></testsuites>