<?xml version="1.0" encoding="utf-8"?><testsuites name="pytest tests"><testsuite name="pytest" errors="0" failures="0" skipped="0" tests="50" time="17.609" timestamp="2026-06-16T13:05:05.928009+00:00" hostname="agent-env-b709274e-5200-48ec-baa8-751e87349ea7"><testcase classname="backend.tests.test_admin_api" name="test_exchange_invalid_session_id" time="0.243" /><testcase classname="backend.tests.test_admin_api" name="test_me_without_auth" time="0.046" /><testcase classname="backend.tests.test_admin_api" name="test_logout_without_session_returns_ok" time="0.047" /><testcase classname="backend.tests.test_admin_api" name="test_me_with_valid_bearer" time="0.465" /><testcase classname="backend.tests.test_admin_api" name="test_admin_endpoints_without_auth" time="0.372" /><testcase classname="backend.tests.test_admin_api" name="test_admin_endpoints_forbidden_for_nonadmin" time="0.531" /><testcase classname="backend.tests.test_admin_api" name="test_admin_leads_list" time="0.043" /><testcase classname="backend.tests.test_admin_api" name="test_admin_apps_list" time="0.043" /><testcase classname="backend.tests.test_admin_api" name="test_leads_csv_export" time="0.042" /><testcase classname="backend.tests.test_admin_api" name="test_leads_json_export" time="0.044" /><testcase classname="backend.tests.test_admin_api" name="test_apps_csv_export" time="0.041" /><testcase classname="backend.tests.test_admin_api" name="test_apps_json_export" time="0.044" /><testcase classname="backend.tests.test_admin_api" name="test_allowlist_list_has_default_admin" time="0.076" /><testcase classname="backend.tests.test_admin_api" name="test_allowlist_add_and_delete" time="0.187" /><testcase classname="backend.tests.test_admin_api" name="test_allowlist_add_invalid_email_422" time="0.042" /><testcase classname="backend.tests.test_admin_api" name="test_allowlist_cannot_remove_self" time="0.143" /><testcase classname="backend.tests.test_admin_api" name="test_allowlist_cannot_remove_last_admin" time="0.090" /><testcase classname="backend.tests.test_admin_api" name="test_allowlist_last_admin_via_second_session" time="0.712" /><testcase classname="backend.tests.test_admin_api" name="test_regression_health" time="0.041" /><testcase classname="backend.tests.test_admin_api" name="test_regression_news_six" time="0.044" /><testcase classname="backend.tests.test_admin_api" name="test_regression_newsletter_subscribe" time="0.049" /><testcase classname="backend.tests.test_admin_api" name="test_regression_careers_apply" time="0.075" /><testcase classname="backend.tests.test_circum_api" name="test_health" time="0.101" /><testcase classname="backend.tests.test_circum_api" name="test_news_list_returns_six_items" time="0.046" /><testcase classname="backend.tests.test_circum_api" name="test_news_includes_expected_titles" time="0.045" /><testcase classname="backend.tests.test_circum_api" name="test_newsletter_subscribe_success_and_idempotent" time="0.107" /><testcase classname="backend.tests.test_circum_api" name="test_newsletter_subscribe_rejects_no_consent" time="0.045" /><testcase classname="backend.tests.test_circum_api" name="test_newsletter_subscribe_rejects_invalid_email" time="0.044" /><testcase classname="backend.tests.test_circum_api" name="test_careers_apply_success_pdf" time="0.050" /><testcase classname="backend.tests.test_circum_api" name="test_careers_apply_rejects_txt" time="0.045" /><testcase classname="backend.tests.test_circum_api" name="test_careers_apply_rejects_no_consent" time="0.047" /><testcase classname="backend.tests.test_new_features" name="test_login_invalid_email_returns_401" time="0.518" /><testcase classname="backend.tests.test_new_features" name="test_login_wrong_password_returns_401" time="0.667" /><testcase classname="backend.tests.test_new_features" name="test_login_success_sets_cookie_and_me_works" time="0.801" /><testcase classname="backend.tests.test_new_features" name="test_login_brute_force_lockout_after_5_failed" time="5.483" /><testcase classname="backend.tests.test_new_features" name="test_login_user_without_password_hash_returns_401" time="1.244" /><testcase classname="backend.tests.test_new_features" name="test_login_valid_password_but_not_allowlisted_returns_403" time="2.075" /><testcase classname="backend.tests.test_new_features" name="test_google_exchange_invalid_session_id_401" time="0.250" /><testcase classname="backend.tests.test_new_features" name="test_newsletter_issues_public_list" time="0.048" /><testcase classname="backend.tests.test_new_features" name="test_issues_admin_list_requires_auth" time="0.124" /><testcase classname="backend.tests.test_new_features" name="test_issues_admin_crud_full_flow" time="0.764" /><testcase classname="backend.tests.test_new_features" name="test_issues_admin_invalid_payload_422" time="0.090" /><testcase classname="backend.tests.test_new_features" name="test_delete_lead_success_and_404" time="0.234" /><testcase classname="backend.tests.test_new_features" name="test_delete_lead_requires_auth" time="0.118" /><testcase classname="backend.tests.test_new_features" name="test_delete_application_removes_db_and_file" time="0.689" /><testcase classname="backend.tests.test_new_features" name="test_delete_application_requires_auth" time="0.097" /><testcase classname="backend.tests.test_new_features" name="test_regression_health" time="0.049" /><testcase classname="backend.tests.test_new_features" name="test_regression_news" time="0.045" /><testcase classname="backend.tests.test_new_features" name="test_regression_allowlist_still_works" time="0.049" /><testcase classname="backend.tests.test_new_features" name="test_regression_exports_still_work" time="0.190" /></testsuite></testsuites>